2025-08-21 16:03:07.503415 [src\http\check_login.rs:31] ERROR gg_check::http::check_login:Google API returned error: 400 Bad Request

Stack backtrace:
   0: std::backtrace_rs::backtrace::win64::trace
             at /rustc/29483883eed69d5fb4db01964cdf2af4d86e9cb2/library\std\src\..\..\backtrace\src\backtrace\win64.rs:85
   1: std::backtrace_rs::backtrace::trace_unsynchronized
             at /rustc/29483883eed69d5fb4db01964cdf2af4d86e9cb2/library\std\src\..\..\backtrace\src\backtrace\mod.rs:66
   2: std::backtrace::Backtrace::create
             at /rustc/29483883eed69d5fb4db01964cdf2af4d86e9cb2/library\std\src\backtrace.rs:331
   3: std::backtrace::Backtrace::capture
             at /rustc/29483883eed69d5fb4db01964cdf2af4d86e9cb2/library\std\src\backtrace.rs:296
   4: anyhow::Error::msg<alloc::string::String>
             at C:\Users\Administrator\.cargo\registry\src\index.crates.io-1949cf8c6b5b557f\anyhow-1.0.99\src\backtrace.rs:27
   5: gg_check::check::login::verify_google_id_token::async_fn$0
             at .\src\check\login.rs:64
   6: gg_check::http::check_login::impl$0::do_get::closure$0::async_block$0
             at .\src\http\check_login.rs:26
   7: tokio::runtime::park::impl$4::block_on::closure$0<enum2$<gg_check::http::check_login::impl$0::do_get::closure$0::async_block_env$0> >
             at C:\Users\Administrator\.cargo\registry\src\index.crates.io-1949cf8c6b5b557f\tokio-1.47.1\src\runtime\park.rs:285
   8: tokio::task::coop::with_budget
             at C:\Users\Administrator\.cargo\registry\src\index.crates.io-1949cf8c6b5b557f\tokio-1.47.1\src\task\coop\mod.rs:167
   9: tokio::task::coop::budget
             at C:\Users\Administrator\.cargo\registry\src\index.crates.io-1949cf8c6b5b557f\tokio-1.47.1\src\task\coop\mod.rs:133
  10: tokio::runtime::park::CachedParkThread::block_on<enum2$<gg_check::http::check_login::impl$0::do_get::closure$0::async_block_env$0> >
             at C:\Users\Administrator\.cargo\registry\src\index.crates.io-1949cf8c6b5b557f\tokio-1.47.1\src\runtime\park.rs:285
  11: tokio::runtime::context::blocking::BlockingRegionGuard::block_on<enum2$<gg_check::http::check_login::impl$0::do_get::closure$0::async_block_env$0> >
             at C:\Users\Administrator\.cargo\registry\src\index.crates.io-1949cf8c6b5b557f\tokio-1.47.1\src\runtime\context\blocking.rs:66
  12: tokio::runtime::handle::impl$0::block_on_inner::closure$0<enum2$<gg_check::http::check_login::impl$0::do_get::closure$0::async_block_env$0> >
             at C:\Users\Administrator\.cargo\registry\src\index.crates.io-1949cf8c6b5b557f\tokio-1.47.1\src\runtime\handle.rs:327
  13: tokio::runtime::context::runtime::enter_runtime<tokio::runtime::handle::impl$0::block_on_inner::closure_env$0<enum2$<gg_check::http::check_login::impl$0::do_get::closure$0::async_block_env$0> >,enum2$<core::result::Result<gg_check::check::login::GoogleUser
             at C:\Users\Administrator\.cargo\registry\src\index.crates.io-1949cf8c6b5b557f\tokio-1.47.1\src\runtime\context\runtime.rs:65
  14: tokio::runtime::handle::Handle::block_on_inner<enum2$<gg_check::http::check_login::impl$0::do_get::closure$0::async_block_env$0> >
             at C:\Users\Administrator\.cargo\registry\src\index.crates.io-1949cf8c6b5b557f\tokio-1.47.1\src\runtime\handle.rs:326
  15: tokio::runtime::handle::Handle::block_on<enum2$<gg_check::http::check_login::impl$0::do_get::closure$0::async_block_env$0> >
             at C:\Users\Administrator\.cargo\registry\src\index.crates.io-1949cf8c6b5b557f\tokio-1.47.1\src\runtime\handle.rs:305
  16: gg_check::http::check_login::impl$0::do_get::closure$0
             at .\src\http\check_login.rs:25
  17: tokio::runtime::context::runtime_mt::exit_runtime<gg_check::http::check_login::impl$0::do_get::closure_env$0,enum2$<core::result::Result<gg_check::check::login::GoogleUserTokenInfo,anyhow::Error> > >
             at C:\Users\Administrator\.cargo\registry\src\index.crates.io-1949cf8c6b5b557f\tokio-1.47.1\src\runtime\context\runtime_mt.rs:35
  18: tokio::runtime::scheduler::multi_thread::worker::block_in_place<gg_check::http::check_login::impl$0::do_get::closure_env$0,enum2$<core::result::Result<gg_check::check::login::GoogleUserTokenInfo,anyhow::Error> > >
             at C:\Users\Administrator\.cargo\registry\src\index.crates.io-1949cf8c6b5b557f\tokio-1.47.1\src\runtime\scheduler\multi_thread\worker.rs:448
  19: tokio::runtime::scheduler::block_in_place::block_in_place<gg_check::http::check_login::impl$0::do_get::closure_env$0,enum2$<core::result::Result<gg_check::check::login::GoogleUserTokenInfo,anyhow::Error> > >
             at C:\Users\Administrator\.cargo\registry\src\index.crates.io-1949cf8c6b5b557f\tokio-1.47.1\src\runtime\scheduler\block_in_place.rs:8
  20: tokio::task::blocking::block_in_place<gg_check::http::check_login::impl$0::do_get::closure_env$0,enum2$<core::result::Result<gg_check::check::login::GoogleUserTokenInfo,anyhow::Error> > >
             at C:\Users\Administrator\.cargo\registry\src\index.crates.io-1949cf8c6b5b557f\tokio-1.47.1\src\task\blocking.rs:78
  21: gg_check::http::check_login::impl$0::do_get
             at .\src\http\check_login.rs:24
  22: tools::http::impl$0::route::closure$1::async_block$0
             at D:\rust_work\GameServer_Rust\tools\src\http.rs:101
  23: axum::handler::impl$7::call::async_block$0<tools::http::impl$0::route::closure_env$1,enum2$<tools::http::impl$0::route::closure$1::async_block_env$0>,tuple$<>,hyper::body::body::Body,tuple$<http::status::StatusCode,http::header::map::HeaderMap<http::header
             at C:\Users\Administrator\.cargo\registry\src\index.crates.io-1949cf8c6b5b557f\axum-0.6.20\src\handler\mod.rs:248
  24: core::future::future::impl$1::poll<alloc::boxed::Box<dyn$<core::future::future::Future<assoc$<Output,http::response::Response<http_body::combinators::box_body::UnsyncBoxBody<bytes::bytes::Bytes,axum_core::error::Error> > > >,core::marker::Send>,alloc::allo
             at C:\Users\Administrator\.rustup\toolchains\stable-x86_64-pc-windows-msvc\lib\rustlib\src\rust\library\core\src\future\future.rs:124
  25: futures_util::future::future::map::impl$2::poll<core::pin::Pin<alloc::boxed::Box<dyn$<core::future::future::Future<assoc$<Output,http::response::Response<http_body::combinators::box_body::UnsyncBoxBody<bytes::bytes::Bytes,axum_core::error::Error> > > >,cor
             at C:\Users\Administrator\.cargo\registry\src\index.crates.io-1949cf8c6b5b557f\futures-util-0.3.31\src\future\future\map.rs:55
  26: futures_util::future::future::impl$15::poll<core::pin::Pin<alloc::boxed::Box<dyn$<core::future::future::Future<assoc$<Output,http::response::Response<http_body::combinators::box_body::UnsyncBoxBody<bytes::bytes::Bytes,axum_core::error::Error> > > >,core::m
             at C:\Users\Administrator\.cargo\registry\src\index.crates.io-1949cf8c6b5b557f\futures-util-0.3.31\src\lib.rs:86
  27: axum::handler::future::impl$4::poll<core::pin::Pin<alloc::boxed::Box<dyn$<core::future::future::Future<assoc$<Output,http::response::Response<http_body::combinators::box_body::UnsyncBoxBody<bytes::bytes::Bytes,axum_core::error::Error> > > >,core::marker::S
             at C:\Users\Administrator\.cargo\registry\src\index.crates.io-1949cf8c6b5b557f\axum-0.6.20\src\macros.rs:42
  28: futures_core::future::impl$2::try_poll<axum::handler::future::IntoServiceFuture<core::pin::Pin<alloc::boxed::Box<dyn$<core::future::future::Future<assoc$<Output,http::response::Response<http_body::combinators::box_body::UnsyncBoxBody<bytes::bytes::Bytes,ax
             at C:\Users\Administrator\.cargo\registry\src\index.crates.io-1949cf8c6b5b557f\futures-core-0.3.31\src\future.rs:92
  29: futures_util::future::try_future::into_future::impl$2::poll<axum::handler::future::IntoServiceFuture<core::pin::Pin<alloc::boxed::Box<dyn$<core::future::future::Future<assoc$<Output,http::response::Response<http_body::combinators::box_body::UnsyncBoxBody<b
             at C:\Users\Administrator\.cargo\registry\src\index.crates.io-1949cf8c6b5b557f\futures-util-0.3.31\src\future\try_future\into_future.rs:34
  30: futures_util::future::future::map::impl$2::poll<futures_util::future::try_future::into_future::IntoFuture<axum::handler::future::IntoServiceFuture<core::pin::Pin<alloc::boxed::Box<dyn$<core::future::future::Future<assoc$<Output,http::response::Response<htt
             at C:\Users\Administrator\.cargo\registry\src\index.crates.io-1949cf8c6b5b557f\futures-util-0.3.31\src\future\future\map.rs:55
  31: futures_util::future::future::impl$15::poll<futures_util::future::try_future::into_future::IntoFuture<axum::handler::future::IntoServiceFuture<core::pin::Pin<alloc::boxed::Box<dyn$<core::future::future::Future<assoc$<Output,http::response::Response<http_bo
             at C:\Users\Administrator\.cargo\registry\src\index.crates.io-1949cf8c6b5b557f\futures-util-0.3.31\src\lib.rs:86
  32: futures_util::future::try_future::impl$56::poll<axum::handler::future::IntoServiceFuture<core::pin::Pin<alloc::boxed::Box<dyn$<core::future::future::Future<assoc$<Output,http::response::Response<http_body::combinators::box_body::UnsyncBoxBody<bytes::bytes:
             at C:\Users\Administrator\.cargo\registry\src\index.crates.io-1949cf8c6b5b557f\futures-util-0.3.31\src\lib.rs:86
  33: tower::util::map_response::impl$10::poll<axum::handler::future::IntoServiceFuture<core::pin::Pin<alloc::boxed::Box<dyn$<core::future::future::Future<assoc$<Output,http::response::Response<http_body::combinators::box_body::UnsyncBoxBody<bytes::bytes::Bytes,
             at C:\Users\Administrator\.cargo\registry\src\index.crates.io-1949cf8c6b5b557f\tower-0.4.13\src\macros.rs:38
  34: core::future::future::impl$1::poll<alloc::boxed::Box<dyn$<core::future::future::Future<assoc$<Output,enum2$<core::result::Result<http::response::Response<http_body::combinators::box_body::UnsyncBoxBody<bytes::bytes::Bytes,axum_core::error::Error> >,enum2$<
             at C:\Users\Administrator\.rustup\toolchains\stable-x86_64-pc-windows-msvc\lib\rustlib\src\rust\library\core\src\future\future.rs:124
  35: tower::util::oneshot::impl$3::poll<tower::util::boxed_clone::BoxCloneService<http::request::Request<hyper::body::body::Body>,http::response::Response<http_body::combinators::box_body::UnsyncBoxBody<bytes::bytes::Bytes,axum_core::error::Error> >,enum2$<core
             at C:\Users\Administrator\.cargo\registry\src\index.crates.io-1949cf8c6b5b557f\tower-0.4.13\src\util\oneshot.rs:97
  36: axum::routing::route::impl$5::poll<hyper::body::body::Body,enum2$<core::convert::Infallible> >
             at C:\Users\Administrator\.cargo\registry\src\index.crates.io-1949cf8c6b5b557f\axum-0.6.20\src\routing\route.rs:161
  37: hyper::proto::h1::dispatch::impl$6::poll_msg<axum::routing::Router<tuple$<>,hyper::body::body::Body>,http_body::combinators::box_body::UnsyncBoxBody<bytes::bytes::Bytes,axum_core::error::Error> >
             at C:\Users\Administrator\.cargo\registry\src\index.crates.io-1949cf8c6b5b557f\hyper-0.14.32\src\proto\h1\dispatch.rs:502
  38: hyper::proto::h1::dispatch::Dispatcher<hyper::proto::h1::dispatch::Server<axum::routing::Router<tuple$<>,hyper::body::body::Body>,hyper::body::body::Body>,http_body::combinators::box_body::UnsyncBoxBody<bytes::bytes::Bytes,axum_core::error::Error>,hyper::s
             at C:\Users\Administrator\.cargo\registry\src\index.crates.io-1949cf8c6b5b557f\hyper-0.14.32\src\proto\h1\dispatch.rs:303
  39: hyper::proto::h1::dispatch::Dispatcher<hyper::proto::h1::dispatch::Server<axum::routing::Router<tuple$<>,hyper::body::body::Body>,hyper::body::body::Body>,http_body::combinators::box_body::UnsyncBoxBody<bytes::bytes::Bytes,axum_core::error::Error>,hyper::s
             at C:\Users\Administrator\.cargo\registry\src\index.crates.io-1949cf8c6b5b557f\hyper-0.14.32\src\proto\h1\dispatch.rs:164
  40: hyper::proto::h1::dispatch::Dispatcher<hyper::proto::h1::dispatch::Server<axum::routing::Router<tuple$<>,hyper::body::body::Body>,hyper::body::body::Body>,http_body::combinators::box_body::UnsyncBoxBody<bytes::bytes::Bytes,axum_core::error::Error>,hyper::s
             at C:\Users\Administrator\.cargo\registry\src\index.crates.io-1949cf8c6b5b557f\hyper-0.14.32\src\proto\h1\dispatch.rs:140
  41: hyper::proto::h1::dispatch::Dispatcher<hyper::proto::h1::dispatch::Server<axum::routing::Router<tuple$<>,hyper::body::body::Body>,hyper::body::body::Body>,http_body::combinators::box_body::UnsyncBoxBody<bytes::bytes::Bytes,axum_core::error::Error>,hyper::s
             at C:\Users\Administrator\.cargo\registry\src\index.crates.io-1949cf8c6b5b557f\hyper-0.14.32\src\proto\h1\dispatch.rs:119
  42: hyper::proto::h1::dispatch::impl$1::poll<hyper::proto::h1::dispatch::Server<axum::routing::Router<tuple$<>,hyper::body::body::Body>,hyper::body::body::Body>,http_body::combinators::box_body::UnsyncBoxBody<bytes::bytes::Bytes,axum_core::error::Error>,hyper:
             at C:\Users\Administrator\.cargo\registry\src\index.crates.io-1949cf8c6b5b557f\hyper-0.14.32\src\proto\h1\dispatch.rs:435
  43: hyper::server::conn::impl$8::poll<hyper::server::tcp::addr_stream::AddrStream,http_body::combinators::box_body::UnsyncBoxBody<bytes::bytes::Bytes,axum_core::error::Error>,axum::routing::Router<tuple$<>,hyper::body::body::Body>,enum2$<hyper::common::exec::E
             at C:\Users\Administrator\.cargo\registry\src\index.crates.io-1949cf8c6b5b557f\hyper-0.14.32\src\server\conn.rs:1006
  44: hyper::server::conn::upgrades::impl$1::poll<hyper::server::tcp::addr_stream::AddrStream,http_body::combinators::box_body::UnsyncBoxBody<bytes::bytes::Bytes,axum_core::error::Error>,axum::routing::Router<tuple$<>,hyper::body::body::Body>,enum2$<hyper::commo
             at C:\Users\Administrator\.cargo\registry\src\index.crates.io-1949cf8c6b5b557f\hyper-0.14.32\src\server\conn.rs:1066
  45: hyper::server::server::new_svc::impl$1::poll<hyper::server::tcp::addr_stream::AddrStream,axum::routing::into_make_service::IntoMakeServiceFuture<axum::routing::Router<tuple$<>,hyper::body::body::Body> >,axum::routing::Router<tuple$<>,hyper::body::body::Bod
             at C:\Users\Administrator\.cargo\registry\src\index.crates.io-1949cf8c6b5b557f\hyper-0.14.32\src\server\server.rs:792
  46: tokio::runtime::task::core::impl$6::poll::closure$0<hyper::server::server::new_svc::NewSvcTask<hyper::server::tcp::addr_stream::AddrStream,axum::routing::into_make_service::IntoMakeServiceFuture<axum::routing::Router<tuple$<>,hyper::body::body::Body> >,axu
             at C:\Users\Administrator\.cargo\registry\src\index.crates.io-1949cf8c6b5b557f\tokio-1.47.1\src\runtime\task\core.rs:365
  47: tokio::loom::std::unsafe_cell::UnsafeCell<enum2$<tokio::runtime::task::core::Stage<hyper::server::server::new_svc::NewSvcTask<hyper::server::tcp::addr_stream::AddrStream,axum::routing::into_make_service::IntoMakeServiceFuture<axum::routing::Router<tuple$<>
             at C:\Users\Administrator\.cargo\registry\src\index.crates.io-1949cf8c6b5b557f\tokio-1.47.1\src\loom\std\unsafe_cell.rs:16
  48: tokio::runtime::task::core::Core<hyper::server::server::new_svc::NewSvcTask<hyper::server::tcp::addr_stream::AddrStream,axum::routing::into_make_service::IntoMakeServiceFuture<axum::routing::Router<tuple$<>,hyper::body::body::Body> >,axum::routing::Router<
             at C:\Users\Administrator\.cargo\registry\src\index.crates.io-1949cf8c6b5b557f\tokio-1.47.1\src\runtime\task\core.rs:354
  49: tokio::runtime::task::harness::poll_future::closure$0<hyper::server::server::new_svc::NewSvcTask<hyper::server::tcp::addr_stream::AddrStream,axum::routing::into_make_service::IntoMakeServiceFuture<axum::routing::Router<tuple$<>,hyper::body::body::Body> >,a
             at C:\Users\Administrator\.cargo\registry\src\index.crates.io-1949cf8c6b5b557f\tokio-1.47.1\src\runtime\task\harness.rs:535
  50: core::panic::unwind_safe::impl$25::call_once<enum2$<core::task::poll::Poll<tuple$<> > >,tokio::runtime::task::harness::poll_future::closure_env$0<hyper::server::server::new_svc::NewSvcTask<hyper::server::tcp::addr_stream::AddrStream,axum::routing::into_mak
             at C:\Users\Administrator\.rustup\toolchains\stable-x86_64-pc-windows-msvc\lib\rustlib\src\rust\library\core\src\panic\unwind_safe.rs:272
  51: std::panicking::catch_unwind::do_call<core::panic::unwind_safe::AssertUnwindSafe<tokio::runtime::task::harness::poll_future::closure_env$0<hyper::server::server::new_svc::NewSvcTask<hyper::server::tcp::addr_stream::AddrStream,axum::routing::into_make_servi
             at C:\Users\Administrator\.rustup\toolchains\stable-x86_64-pc-windows-msvc\lib\rustlib\src\rust\library\std\src\panicking.rs:589
  52: std::panic::catch_unwind<core::panic::unwind_safe::AssertUnwindSafe<tokio::runtime::task::harness::impl$2::complete::closure_env$0<hyper::proto::h2::server::H2Stream<axum::routing::route::RouteFuture<hyper::body::body::Body,enum2$<core::convert::Infallible
  53: std::panicking::catch_unwind
             at C:\Users\Administrator\.rustup\toolchains\stable-x86_64-pc-windows-msvc\lib\rustlib\src\rust\library\std\src\panicking.rs:552
  54: std::panic::catch_unwind<core::panic::unwind_safe::AssertUnwindSafe<tokio::runtime::task::harness::poll_future::closure_env$0<hyper::server::server::new_svc::NewSvcTask<hyper::server::tcp::addr_stream::AddrStream,axum::routing::into_make_service::IntoMakeS
             at C:\Users\Administrator\.rustup\toolchains\stable-x86_64-pc-windows-msvc\lib\rustlib\src\rust\library\std\src\panic.rs:359
  55: tokio::runtime::task::harness::poll_future<hyper::server::server::new_svc::NewSvcTask<hyper::server::tcp::addr_stream::AddrStream,axum::routing::into_make_service::IntoMakeServiceFuture<axum::routing::Router<tuple$<>,hyper::body::body::Body> >,axum::routin
             at C:\Users\Administrator\.cargo\registry\src\index.crates.io-1949cf8c6b5b557f\tokio-1.47.1\src\runtime\task\harness.rs:523
  56: tokio::runtime::task::harness::Harness<hyper::server::server::new_svc::NewSvcTask<hyper::server::tcp::addr_stream::AddrStream,axum::routing::into_make_service::IntoMakeServiceFuture<axum::routing::Router<tuple$<>,hyper::body::body::Body> >,axum::routing::R
             at C:\Users\Administrator\.cargo\registry\src\index.crates.io-1949cf8c6b5b557f\tokio-1.47.1\src\runtime\task\harness.rs:210
  57: tokio::runtime::task::harness::Harness<hyper::server::server::new_svc::NewSvcTask<hyper::server::tcp::addr_stream::AddrStream,axum::routing::into_make_service::IntoMakeServiceFuture<axum::routing::Router<tuple$<>,hyper::body::body::Body> >,axum::routing::R
             at C:\Users\Administrator\.cargo\registry\src\index.crates.io-1949cf8c6b5b557f\tokio-1.47.1\src\runtime\task\harness.rs:155
  58: tokio::runtime::task::raw::poll<hyper::server::server::new_svc::NewSvcTask<hyper::server::tcp::addr_stream::AddrStream,axum::routing::into_make_service::IntoMakeServiceFuture<axum::routing::Router<tuple$<>,hyper::body::body::Body> >,axum::routing::Router<t
             at C:\Users\Administrator\.cargo\registry\src\index.crates.io-1949cf8c6b5b557f\tokio-1.47.1\src\runtime\task\raw.rs:325
  59: tokio::runtime::task::raw::RawTask::poll
             at C:\Users\Administrator\.cargo\registry\src\index.crates.io-1949cf8c6b5b557f\tokio-1.47.1\src\runtime\task\raw.rs:255
  60: tokio::runtime::task::LocalNotified<alloc::sync::Arc<tokio::runtime::scheduler::multi_thread::handle::Handle,alloc::alloc::Global> >::run<alloc::sync::Arc<tokio::runtime::scheduler::multi_thread::handle::Handle,alloc::alloc::Global> >
             at C:\Users\Administrator\.cargo\registry\src\index.crates.io-1949cf8c6b5b557f\tokio-1.47.1\src\runtime\task\mod.rs:509
  61: tokio::runtime::scheduler::multi_thread::worker::impl$1::run_task::closure$0
             at C:\Users\Administrator\.cargo\registry\src\index.crates.io-1949cf8c6b5b557f\tokio-1.47.1\src\runtime\scheduler\multi_thread\worker.rs:600
  62: tokio::task::coop::with_budget
             at C:\Users\Administrator\.cargo\registry\src\index.crates.io-1949cf8c6b5b557f\tokio-1.47.1\src\task\coop\mod.rs:167
  63: tokio::task::coop::budget
             at C:\Users\Administrator\.cargo\registry\src\index.crates.io-1949cf8c6b5b557f\tokio-1.47.1\src\task\coop\mod.rs:133
  64: tokio::runtime::scheduler::multi_thread::worker::Context::run_task
             at C:\Users\Administrator\.cargo\registry\src\index.crates.io-1949cf8c6b5b557f\tokio-1.47.1\src\runtime\scheduler\multi_thread\worker.rs:591
  65: tokio::runtime::scheduler::multi_thread::worker::Context::run
             at C:\Users\Administrator\.cargo\registry\src\index.crates.io-1949cf8c6b5b557f\tokio-1.47.1\src\runtime\scheduler\multi_thread\worker.rs:539
  66: tokio::runtime::scheduler::multi_thread::worker::run::closure$0::closure$0
             at C:\Users\Administrator\.cargo\registry\src\index.crates.io-1949cf8c6b5b557f\tokio-1.47.1\src\runtime\scheduler\multi_thread\worker.rs:504
  67: tokio::runtime::context::scoped::Scoped<enum2$<tokio::runtime::scheduler::Context> >::set<enum2$<tokio::runtime::scheduler::Context>,tokio::runtime::scheduler::multi_thread::worker::run::closure$0::closure_env$0,tuple$<> >
             at C:\Users\Administrator\.cargo\registry\src\index.crates.io-1949cf8c6b5b557f\tokio-1.47.1\src\runtime\context\scoped.rs:40
  68: tokio::runtime::context::set_scheduler::closure$0<tuple$<>,tokio::runtime::scheduler::multi_thread::worker::run::closure$0::closure_env$0>
             at C:\Users\Administrator\.cargo\registry\src\index.crates.io-1949cf8c6b5b557f\tokio-1.47.1\src\runtime\context.rs:176
  69: std::thread::local::LocalKey<tokio::runtime::context::Context>::try_with<tokio::runtime::context::Context,tokio::runtime::context::set_scheduler::closure_env$0<tuple$<>,tokio::runtime::scheduler::multi_thread::worker::run::closure$0::closure_env$0>,tuple$<
             at C:\Users\Administrator\.rustup\toolchains\stable-x86_64-pc-windows-msvc\lib\rustlib\src\rust\library\std\src\thread\local.rs:315
  70: std::thread::local::LocalKey<tokio::runtime::context::Context>::with<tokio::runtime::context::Context,tokio::runtime::context::set_scheduler::closure_env$0<tuple$<>,tokio::runtime::scheduler::multi_thread::worker::run::closure$0::closure_env$0>,tuple$<> >
             at C:\Users\Administrator\.rustup\toolchains\stable-x86_64-pc-windows-msvc\lib\rustlib\src\rust\library\std\src\thread\local.rs:279
  71: tokio::runtime::context::set_scheduler<tuple$<>,tokio::runtime::scheduler::multi_thread::worker::run::closure$0::closure_env$0>
             at C:\Users\Administrator\.cargo\registry\src\index.crates.io-1949cf8c6b5b557f\tokio-1.47.1\src\runtime\context.rs:176
  72: tokio::runtime::scheduler::multi_thread::worker::run::closure$0
             at C:\Users\Administrator\.cargo\registry\src\index.crates.io-1949cf8c6b5b557f\tokio-1.47.1\src\runtime\scheduler\multi_thread\worker.rs:499
  73: tokio::runtime::context::runtime::enter_runtime<tokio::runtime::scheduler::multi_thread::worker::run::closure_env$0,tuple$<> >
             at C:\Users\Administrator\.cargo\registry\src\index.crates.io-1949cf8c6b5b557f\tokio-1.47.1\src\runtime\context\runtime.rs:65
  74: tokio::runtime::scheduler::multi_thread::worker::run
             at C:\Users\Administrator\.cargo\registry\src\index.crates.io-1949cf8c6b5b557f\tokio-1.47.1\src\runtime\scheduler\multi_thread\worker.rs:491
  75: tokio::runtime::scheduler::multi_thread::worker::impl$0::launch::closure$0
             at C:\Users\Administrator\.cargo\registry\src\index.crates.io-1949cf8c6b5b557f\tokio-1.47.1\src\runtime\scheduler\multi_thread\worker.rs:457
  76: tokio::runtime::blocking::task::impl$2::poll<tokio::runtime::scheduler::multi_thread::worker::impl$0::launch::closure_env$0,tuple$<> >
             at C:\Users\Administrator\.cargo\registry\src\index.crates.io-1949cf8c6b5b557f\tokio-1.47.1\src\runtime\blocking\task.rs:42
  77: tokio::runtime::task::core::impl$6::poll::closure$0<tokio::runtime::blocking::task::BlockingTask<tokio::runtime::scheduler::multi_thread::worker::impl$0::launch::closure_env$0>,tokio::runtime::blocking::schedule::BlockingSchedule>
             at C:\Users\Administrator\.cargo\registry\src\index.crates.io-1949cf8c6b5b557f\tokio-1.47.1\src\runtime\task\core.rs:365
  78: tokio::loom::std::unsafe_cell::UnsafeCell<enum2$<tokio::runtime::task::core::Stage<tokio::runtime::blocking::task::BlockingTask<tokio::runtime::scheduler::multi_thread::worker::impl$0::launch::closure_env$0> > > >::with_mut
             at C:\Users\Administrator\.cargo\registry\src\index.crates.io-1949cf8c6b5b557f\tokio-1.47.1\src\loom\std\unsafe_cell.rs:16
  79: tokio::runtime::task::core::Core<tokio::runtime::blocking::task::BlockingTask<tokio::runtime::scheduler::multi_thread::worker::impl$0::launch::closure_env$0>,tokio::runtime::blocking::schedule::BlockingSchedule>::poll<tokio::runtime::blocking::task::Blocki
             at C:\Users\Administrator\.cargo\registry\src\index.crates.io-1949cf8c6b5b557f\tokio-1.47.1\src\runtime\task\core.rs:354
  80: tokio::runtime::task::harness::poll_future::closure$0<tokio::runtime::blocking::task::BlockingTask<tokio::runtime::scheduler::multi_thread::worker::impl$0::launch::closure_env$0>,tokio::runtime::blocking::schedule::BlockingSchedule>
             at C:\Users\Administrator\.cargo\registry\src\index.crates.io-1949cf8c6b5b557f\tokio-1.47.1\src\runtime\task\harness.rs:535
  81: core::panic::unwind_safe::impl$25::call_once<enum2$<core::task::poll::Poll<tuple$<> > >,tokio::runtime::task::harness::poll_future::closure_env$0<tokio::runtime::blocking::task::BlockingTask<tokio::runtime::scheduler::multi_thread::worker::impl$0::launch::
             at C:\Users\Administrator\.rustup\toolchains\stable-x86_64-pc-windows-msvc\lib\rustlib\src\rust\library\core\src\panic\unwind_safe.rs:272
  82: std::panicking::catch_unwind::do_call<core::panic::unwind_safe::AssertUnwindSafe<tokio::runtime::task::harness::poll_future::closure_env$0<tokio::runtime::blocking::task::BlockingTask<tokio::runtime::scheduler::multi_thread::worker::impl$0::launch::closure
             at C:\Users\Administrator\.rustup\toolchains\stable-x86_64-pc-windows-msvc\lib\rustlib\src\rust\library\std\src\panicking.rs:589
  83: tokio::util::trace::caller_location
  84: std::panicking::catch_unwind
             at C:\Users\Administrator\.rustup\toolchains\stable-x86_64-pc-windows-msvc\lib\rustlib\src\rust\library\std\src\panicking.rs:552
  85: std::panic::catch_unwind<core::panic::unwind_safe::AssertUnwindSafe<tokio::runtime::task::harness::poll_future::closure_env$0<tokio::runtime::blocking::task::BlockingTask<tokio::runtime::scheduler::multi_thread::worker::impl$0::launch::closure_env$0>,tokio
             at C:\Users\Administrator\.rustup\toolchains\stable-x86_64-pc-windows-msvc\lib\rustlib\src\rust\library\std\src\panic.rs:359
  86: tokio::runtime::task::harness::poll_future<tokio::runtime::blocking::task::BlockingTask<tokio::runtime::scheduler::multi_thread::worker::impl$0::launch::closure_env$0>,tokio::runtime::blocking::schedule::BlockingSchedule>
             at C:\Users\Administrator\.cargo\registry\src\index.crates.io-1949cf8c6b5b557f\tokio-1.47.1\src\runtime\task\harness.rs:523
  87: tokio::runtime::task::harness::Harness<tokio::runtime::blocking::task::BlockingTask<tokio::runtime::scheduler::multi_thread::worker::impl$0::launch::closure_env$0>,tokio::runtime::blocking::schedule::BlockingSchedule>::poll_inner<tokio::runtime::blocking::
             at C:\Users\Administrator\.cargo\registry\src\index.crates.io-1949cf8c6b5b557f\tokio-1.47.1\src\runtime\task\harness.rs:210
  88: tokio::runtime::task::harness::Harness<tokio::runtime::blocking::task::BlockingTask<tokio::runtime::scheduler::multi_thread::worker::impl$0::launch::closure_env$0>,tokio::runtime::blocking::schedule::BlockingSchedule>::poll<tokio::runtime::blocking::task::
             at C:\Users\Administrator\.cargo\registry\src\index.crates.io-1949cf8c6b5b557f\tokio-1.47.1\src\runtime\task\harness.rs:155
  89: tokio::runtime::task::raw::poll<tokio::runtime::blocking::task::BlockingTask<tokio::runtime::scheduler::multi_thread::worker::impl$0::launch::closure_env$0>,tokio::runtime::blocking::schedule::BlockingSchedule>
             at C:\Users\Administrator\.cargo\registry\src\index.crates.io-1949cf8c6b5b557f\tokio-1.47.1\src\runtime\task\raw.rs:325
  90: tokio::runtime::task::raw::RawTask::poll
             at C:\Users\Administrator\.cargo\registry\src\index.crates.io-1949cf8c6b5b557f\tokio-1.47.1\src\runtime\task\raw.rs:255
  91: tokio::runtime::task::UnownedTask<tokio::runtime::blocking::schedule::BlockingSchedule>::run<tokio::runtime::blocking::schedule::BlockingSchedule>
             at C:\Users\Administrator\.cargo\registry\src\index.crates.io-1949cf8c6b5b557f\tokio-1.47.1\src\runtime\task\mod.rs:546
  92: tokio::runtime::blocking::pool::Task::run
             at C:\Users\Administrator\.cargo\registry\src\index.crates.io-1949cf8c6b5b557f\tokio-1.47.1\src\runtime\blocking\pool.rs:161
  93: tokio::runtime::blocking::pool::Inner::run
             at C:\Users\Administrator\.cargo\registry\src\index.crates.io-1949cf8c6b5b557f\tokio-1.47.1\src\runtime\blocking\pool.rs:516
  94: tokio::runtime::blocking::pool::impl$6::spawn_thread::closure$0
             at C:\Users\Administrator\.cargo\registry\src\index.crates.io-1949cf8c6b5b557f\tokio-1.47.1\src\runtime\blocking\pool.rs:474
  95: core::hint::black_box
             at C:\Users\Administrator\.rustup\toolchains\stable-x86_64-pc-windows-msvc\lib\rustlib\src\rust\library\core\src\hint.rs:482
  96: std::sys::backtrace::__rust_begin_short_backtrace<tokio::runtime::blocking::pool::impl$6::spawn_thread::closure_env$0,tuple$<> >
             at C:\Users\Administrator\.rustup\toolchains\stable-x86_64-pc-windows-msvc\lib\rustlib\src\rust\library\std\src\sys\backtrace.rs:152
  97: std::thread::impl$0::spawn_unchecked_::closure$1::closure$0<tokio::runtime::blocking::pool::impl$6::spawn_thread::closure_env$0,tuple$<> >
             at C:\Users\Administrator\.rustup\toolchains\stable-x86_64-pc-windows-msvc\lib\rustlib\src\rust\library\std\src\thread\mod.rs:559
  98: core::panic::unwind_safe::impl$25::call_once<tuple$<>,std::thread::impl$0::spawn_unchecked_::closure$1::closure_env$0<tokio::runtime::blocking::pool::impl$6::spawn_thread::closure_env$0,tuple$<> > >
             at C:\Users\Administrator\.rustup\toolchains\stable-x86_64-pc-windows-msvc\lib\rustlib\src\rust\library\core\src\panic\unwind_safe.rs:272
  99: std::panicking::catch_unwind::do_call<core::panic::unwind_safe::AssertUnwindSafe<std::thread::impl$0::spawn_unchecked_::closure$1::closure_env$0<tokio::runtime::blocking::pool::impl$6::spawn_thread::closure_env$0,tuple$<> > >,tuple$<> >
             at C:\Users\Administrator\.rustup\toolchains\stable-x86_64-pc-windows-msvc\lib\rustlib\src\rust\library\std\src\panicking.rs:589
 100: tokio::time::error::impl$5::fmt
 101: std::panicking::catch_unwind
             at C:\Users\Administrator\.rustup\toolchains\stable-x86_64-pc-windows-msvc\lib\rustlib\src\rust\library\std\src\panicking.rs:552
 102: std::panic::catch_unwind
             at C:\Users\Administrator\.rustup\toolchains\stable-x86_64-pc-windows-msvc\lib\rustlib\src\rust\library\std\src\panic.rs:359
 103: std::thread::impl$0::spawn_unchecked_::closure$1<tokio::runtime::blocking::pool::impl$6::spawn_thread::closure_env$0,tuple$<> >
             at C:\Users\Administrator\.rustup\toolchains\stable-x86_64-pc-windows-msvc\lib\rustlib\src\rust\library\std\src\thread\mod.rs:557
 104: core::ops::function::FnOnce::call_once<std::thread::impl$0::spawn_unchecked_::closure_env$1<tokio::runtime::blocking::pool::impl$6::spawn_thread::closure_env$0,tuple$<> >,tuple$<> >
             at C:\Users\Administrator\.rustup\toolchains\stable-x86_64-pc-windows-msvc\lib\rustlib\src\rust\library\core\src\ops\function.rs:250
 105: alloc::boxed::impl$28::call_once
             at /rustc/29483883eed69d5fb4db01964cdf2af4d86e9cb2/library\alloc\src\boxed.rs:1966
 106: alloc::boxed::impl$28::call_once
             at /rustc/29483883eed69d5fb4db01964cdf2af4d86e9cb2/library\alloc\src\boxed.rs:1966
 107: std::sys::pal::windows::thread::impl$0::new::thread_start
             at /rustc/29483883eed69d5fb4db01964cdf2af4d86e9cb2/library\std\src\sys\pal\windows\thread.rs:60
 108: BaseThreadInitThunk
 109: RtlUserThreadStart
2025-08-21 17:10:34.220482 [D:\rust_work\GameServer_Rust\tools\src\my_log.rs:9] INFO  tools::my_log:日志模块初始化完成！耗时:2ms
2025-08-21 17:10:34.220998 [src\main.rs:24] INFO  gg_check:初始化server.config完成!
2025-08-21 17:10:34.431859 [D:\rust_work\GameServer_Rust\tools\src\http.rs:134] INFO  tools::http:http-server listening on "0.0.0.0":5158
2025-08-21 17:10:34.432112 [src\main.rs:121] INFO  gg_check:启动成功!耗时:214ms
2025-08-21 17:16:54.298017 [D:\rust_work\GameServer_Rust\tools\src\my_log.rs:9] INFO  tools::my_log:日志模块初始化完成！耗时:2ms
2025-08-21 17:16:54.298451 [src\main.rs:24] INFO  gg_check:初始化server.config完成!
2025-08-21 17:16:54.596957 [D:\rust_work\GameServer_Rust\tools\src\http.rs:134] INFO  tools::http:http-server listening on "0.0.0.0":5158
2025-08-21 17:16:54.597206 [src\main.rs:121] INFO  gg_check:启动成功!耗时:301ms
